<?xml version="1.0" encoding="UTF-8"?>
<!-- Generated by org.testng.reporters.JUnitReportReporter -->
<testsuite hostname="DESKTOP-K42MMMR" failures="0" tests="1" name="Cucumber.Cucumber1.TestRunner" time="12.895" errors="0" timestamp="28 Sep 2020 03:43:28 GMT" skipped="0">
  <testcase classname="Cucumber.Cucumber1.TestRunner" name="feature" time="12.895"/>
</testsuite> <!-- Cucumber.Cucumber1.TestRunner -->
