<?xml version="1.0" encoding="UTF-8"?>
<!-- Generated by org.testng.reporters.JUnitReportReporter -->
<testsuite hostname="DESKTOP-K42MMMR" failures="0" tests="1" name="cucumber4.testrunner" time="9.103" errors="0" timestamp="03 Oct 2020 04:59:15 GMT" skipped="0">
  <testcase classname="cucumber4.testrunner" name="feature" time="9.103"/>
</testsuite> <!-- cucumber4.testrunner -->
