<?xml version="1.0" encoding="UTF-8"?>
<!-- Generated by org.testng.reporters.JUnitReportReporter -->
<testsuite hostname="DESKTOP-K42MMMR" failures="0" tests="2" name="Cucumber.Cucumber1.testrunner1" time="29.888" errors="0" timestamp="01 Oct 2020 00:47:09 GMT" skipped="0">
  <testcase classname="Cucumber.Cucumber1.testrunner1" name="feature" time="21.726"/>
  <testcase classname="Cucumber.Cucumber1.testrunner1" name="feature" time="8.162"/>
</testsuite> <!-- Cucumber.Cucumber1.testrunner1 -->
