<?xml version="1.0" encoding="UTF-8"?>
<!-- Generated by org.testng.reporters.JUnitReportReporter -->
<testsuite hostname="DESKTOP-K42MMMR" failures="0" tests="1" name="cucumber3.testrunner" time="9.038" errors="0" timestamp="03 Oct 2020 02:40:42 GMT" skipped="0">
  <testcase classname="cucumber3.testrunner" name="feature" time="9.038"/>
</testsuite> <!-- cucumber3.testrunner -->
